<?xml version="1.0" encoding="UTF-8"?>
<!-- Generated by org.testng.reporters.JUnitXMLReporter -->
<testsuite hostname="Prakat-L005" name="ChromeTest" tests="9" failures="0" timestamp="10 Apr 2020 07:31:36 GMT" time="115.186" errors="0">
  <testcase name="@BeforeClass selectBrowsers" time="0.0" classname="com.Dalrada.Nickandgs.TC_001Reservation_001">
    <failure type="org.openqa.selenium.NoSuchWindowException" message="no such window: target window already closed
from unknown error: web view not found
  (Session info: chrome=80.0.3987.163)
Build info: version: &amp;apos;3.141.59&amp;apos;, revision: &amp;apos;e82be7d358&amp;apos;, time: &amp;apos;2018-11-14T08:17:03&amp;apos;
System info: host: &amp;apos;PRAKAT-L005&amp;apos;, ip: &amp;apos;192.168.43.120&amp;apos;, os.name: &amp;apos;Windows 10&amp;apos;, os.arch: &amp;apos;amd64&amp;apos;, os.version: &amp;apos;10.0&amp;apos;, java.version: &amp;apos;1.8.0_202&amp;apos;
Driver info: org.openqa.selenium.chrome.ChromeDriver
Capabilities {acceptInsecureCerts: false, browserName: chrome, browserVersion: 80.0.3987.163, chrome: {chromedriverVersion: 79.0.3945.36 (3582db32b3389..., userDataDir: C:\Users\PRAKAT~1\AppData\L...}, goog:chromeOptions: {debuggerAddress: localhost:56308}, javascriptEnabled: true, networkConnectionEnabled: false, pageLoadStrategy: normal, platform: WINDOWS, platformName: WINDOWS, proxy: Proxy(), setWindowRect: true, strictFileInteractability: false, timeouts: {implicit: 0, pageLoad: 300000, script: 30000}, unhandledPromptBehavior: dismiss and notify}
Session ID: bb701518f3be12dac5e789cc61bbb305">
      <![CDATA[org.openqa.selenium.NoSuchWindowException: no such window: target window already closed
from unknown error: web view not found
  (Session info: chrome=80.0.3987.163)
Build info: version: '3.141.59', revision: 'e82be7d358', time: '2018-11-14T08:17:03'
System info: host: 'PRAKAT-L005', ip: '192.168.43.120', os.name: 'Windows 10', os.arch: 'amd64', os.version: '10.0', java.version: '1.8.0_202'
Driver info: org.openqa.selenium.chrome.ChromeDriver
Capabilities {acceptInsecureCerts: false, browserName: chrome, browserVersion: 80.0.3987.163, chrome: {chromedriverVersion: 79.0.3945.36 (3582db32b3389..., userDataDir: C:\Users\PRAKAT~1\AppData\L...}, goog:chromeOptions: {debuggerAddress: localhost:56308}, javascriptEnabled: true, networkConnectionEnabled: false, pageLoadStrategy: normal, platform: WINDOWS, platformName: WINDOWS, proxy: Proxy(), setWindowRect: true, strictFileInteractability: false, timeouts: {implicit: 0, pageLoad: 300000, script: 30000}, unhandledPromptBehavior: dismiss and notify}
Session ID: bb701518f3be12dac5e789cc61bbb305
	at org.openqa.selenium.remote.http.W3CHttpResponseCodec.createException(W3CHttpResponseCodec.java:187)
	at org.openqa.selenium.remote.http.W3CHttpResponseCodec.decode(W3CHttpResponseCodec.java:122)
	at org.openqa.selenium.remote.http.W3CHttpResponseCodec.decode(W3CHttpResponseCodec.java:49)
	at org.openqa.selenium.remote.HttpCommandExecutor.execute(HttpCommandExecutor.java:158)
	at org.openqa.selenium.remote.service.DriverCommandExecutor.execute(DriverCommandExecutor.java:83)
	at org.openqa.selenium.remote.RemoteWebDriver.execute(RemoteWebDriver.java:552)
	at org.openqa.selenium.remote.RemoteWebDriver.execute(RemoteWebDriver.java:609)
	at org.openqa.selenium.remote.RemoteWebDriver$RemoteWebDriverOptions$RemoteWindow.maximize(RemoteWebDriver.java:837)
	at Dalrada.Nickandgs.BaseClass.selectBrowsers(BaseClass.java:45)
	at java.util.concurrent.FutureTask.run(FutureTask.java:266)
	at java.util.concurrent.ThreadPoolExecutor.runWorker(ThreadPoolExecutor.java:1149)
	at java.util.concurrent.ThreadPoolExecutor$Worker.run(ThreadPoolExecutor.java:624)
	at java.lang.Thread.run(Thread.java:748)
... Removed 20 stack frames]]>
    </failure>
  </testcase> <!-- @BeforeClass selectBrowsers -->
  <testcase name="@AfterClass tearDown" time="0.0" classname="com.Dalrada.Nickandgs.TC_001Reservation_001">
    <skipped/>
  </testcase> <!-- @AfterClass tearDown -->
  <testcase name="@BeforeClass selectBrowsers" time="0.0" classname="com.Dalrada.Nickandgs.TC_002OrderOnline_002">
    <skipped/>
  </testcase> <!-- @BeforeClass selectBrowsers -->
  <testcase name="@AfterClass tearDown" time="0.0" classname="com.Dalrada.Nickandgs.TC_002OrderOnline_002">
    <skipped/>
  </testcase> <!-- @AfterClass tearDown -->
  <testcase name="@BeforeClass selectBrowsers" time="0.005" classname="com.Dalrada.Nickandgs.TC_003Catering_003">
    <skipped/>
  </testcase> <!-- @BeforeClass selectBrowsers -->
  <testcase name="@AfterClass tearDown" time="0.0" classname="com.Dalrada.Nickandgs.TC_003Catering_003">
    <skipped/>
  </testcase> <!-- @AfterClass tearDown -->
  <testcase name="@BeforeClass selectBrowsers" time="0.0" classname="com.Dalrada.Nickandgs.TC_004PrivateEvents_004">
    <skipped/>
  </testcase> <!-- @BeforeClass selectBrowsers -->
  <testcase name="@AfterClass tearDown" time="0.0" classname="com.Dalrada.Nickandgs.TC_004PrivateEvents_004">
    <skipped/>
  </testcase> <!-- @AfterClass tearDown -->
  <testcase name="@BeforeClass selectBrowsers" time="0.0" classname="com.Dalrada.Nickandgs.TC_005ExploreMore_005">
    <skipped/>
  </testcase> <!-- @BeforeClass selectBrowsers -->
  <testcase name="@AfterClass tearDown" time="0.0" classname="com.Dalrada.Nickandgs.TC_005ExploreMore_005">
    <skipped/>
  </testcase> <!-- @AfterClass tearDown -->
  <testcase name="@BeforeClass selectBrowsers" time="0.0" classname="com.Dalrada.Nickandgs.TC_006UpcomingEvents_006">
    <skipped/>
  </testcase> <!-- @BeforeClass selectBrowsers -->
  <testcase name="@AfterClass tearDown" time="0.0" classname="com.Dalrada.Nickandgs.TC_006UpcomingEvents_006">
    <skipped/>
  </testcase> <!-- @AfterClass tearDown -->
  <testcase name="@BeforeClass selectBrowsers" time="0.0" classname="com.Dalrada.Nickandgs.TC_007OurMenu_007">
    <skipped/>
  </testcase> <!-- @BeforeClass selectBrowsers -->
  <testcase name="@AfterClass tearDown" time="0.0" classname="com.Dalrada.Nickandgs.TC_007OurMenu_007">
    <skipped/>
  </testcase> <!-- @AfterClass tearDown -->
  <testcase name="@BeforeClass selectBrowsers" time="0.0" classname="com.Dalrada.Nickandgs.TC_008SignUp_008">
    <skipped/>
  </testcase> <!-- @BeforeClass selectBrowsers -->
  <testcase name="@AfterClass tearDown" time="0.0" classname="com.Dalrada.Nickandgs.TC_008SignUp_008">
    <skipped/>
  </testcase> <!-- @AfterClass tearDown -->
  <testcase name="@BeforeClass selectBrowsers" time="0.0" classname="com.Dalrada.Nickandgs.TC_009NGSignup_009">
    <skipped/>
  </testcase> <!-- @BeforeClass selectBrowsers -->
  <testcase name="@AfterClass tearDown" time="0.0" classname="com.Dalrada.Nickandgs.TC_009NGSignup_009">
    <skipped/>
  </testcase> <!-- @AfterClass tearDown -->
  <testcase name="LoginTest" time="0.002" classname="com.Dalrada.Nickandgs.TC_001Reservation_001">
    <skipped/>
  </testcase> <!-- LoginTest -->
  <testcase name="order" time="0.001" classname="com.Dalrada.Nickandgs.TC_002OrderOnline_002">
    <skipped/>
  </testcase> <!-- order -->
  <testcase name="order" time="0.001" classname="com.Dalrada.Nickandgs.TC_003Catering_003">
    <skipped/>
  </testcase> <!-- order -->
  <testcase name="order" time="0.0" classname="com.Dalrada.Nickandgs.TC_004PrivateEvents_004">
    <skipped/>
  </testcase> <!-- order -->
  <testcase name="order" time="0.003" classname="com.Dalrada.Nickandgs.TC_005ExploreMore_005">
    <skipped/>
  </testcase> <!-- order -->
  <testcase name="order" time="0.002" classname="com.Dalrada.Nickandgs.TC_006UpcomingEvents_006">
    <skipped/>
  </testcase> <!-- order -->
  <testcase name="order" time="0.004" classname="com.Dalrada.Nickandgs.TC_007OurMenu_007">
    <skipped/>
  </testcase> <!-- order -->
  <testcase name="Sign" time="0.005" classname="com.Dalrada.Nickandgs.TC_008SignUp_008">
    <skipped/>
  </testcase> <!-- Sign -->
  <testcase name="Sign" time="0.0" classname="com.Dalrada.Nickandgs.TC_009NGSignup_009">
    <skipped/>
  </testcase> <!-- Sign -->
</testsuite> <!-- ChromeTest -->
